Unity/navigation_qlearning/Temp/gradleOut/launcher/build/intermediates/manifest_merge_blame_file/release/manifest-merger-blame-release-report.txt
1<?xml version="1.0" encoding="utf-8"?>
2<!-- GENERATED BY UNITY. REMOVE THIS COMMENT TO PREVENT OVERWRITING WHEN EXPORTING AGAIN -->
3<manifest xmlns:android="http://schemas.android.com/apk/res/android"
4    package="com.example.navigation_qlearning"
5    android:installLocation="preferExternal"
6    android:versionCode="1"
7    android:versionName="0.1" >
8
9    <uses-sdk
10        android:minSdkVersion="24"
10-->src\main\AndroidManifest.xml
11        android:targetSdkVersion="30" />
11-->src\main\AndroidManifest.xml
12
13    <supports-screens
13-->src\main\AndroidManifest.xml:4:3-163
14        android:anyDensity="true"
14-->src\main\AndroidManifest.xml:4:135-160
15        android:largeScreens="true"
15-->src\main\AndroidManifest.xml:4:78-105
16        android:normalScreens="true"
16-->src\main\AndroidManifest.xml:4:49-77
17        android:smallScreens="true"
17-->src\main\AndroidManifest.xml:4:21-48
18        android:xlargeScreens="true" />
18-->src\main\AndroidManifest.xml:4:106-134
19
20    <uses-feature android:glEsVersion="0x00030000" />
20-->[:unityLibrary] AndroidManifest.xml:13:5-54
20-->[:unityLibrary] AndroidManifest.xml:13:19-51
21
22    <uses-permission android:name="android.permission.CAMERA" />
22-->[:unityLibrary] AndroidManifest.xml:15:5-65
22-->[:unityLibrary] AndroidManifest.xml:15:22-62
23    <uses-permission android:name="android.permission.INTERNET" />
23-->[:unityLibrary] AndroidManifest.xml:16:5-67
23-->[:unityLibrary] AndroidManifest.xml:16:22-64
24    <uses-permission android:name="android.permission.CHANGE_WIFI_MULTICAST_STATE" />
24-->[:unityLibrary] AndroidManifest.xml:17:5-86
24-->[:unityLibrary] AndroidManifest.xml:17:22-83
25
26    <uses-feature
26-->[:unityLibrary] AndroidManifest.xml:19:5-21:36
27        android:name="android.hardware.touchscreen"
27-->[:unityLibrary] AndroidManifest.xml:20:9-52
28        android:required="false" />
28-->[:unityLibrary] AndroidManifest.xml:21:9-33
29    <uses-feature
29-->[:unityLibrary] AndroidManifest.xml:22:5-24:36
30        android:name="android.hardware.touchscreen.multitouch"
30-->[:unityLibrary] AndroidManifest.xml:23:9-63
31        android:required="false" />
31-->[:unityLibrary] AndroidManifest.xml:24:9-33
32    <uses-feature
32-->[:unityLibrary] AndroidManifest.xml:25:5-27:36
33        android:name="android.hardware.touchscreen.multitouch.distinct"
33-->[:unityLibrary] AndroidManifest.xml:26:9-72
34        android:required="false" />
34-->[:unityLibrary] AndroidManifest.xml:27:9-33
35
36    <queries>
36-->[:arcore_client:] AndroidManifest.xml:29:5-31:15
37        <package android:name="com.google.ar.core" />
37-->[:arcore_client:] AndroidManifest.xml:30:9-54
37-->[:arcore_client:] AndroidManifest.xml:30:18-51
38    </queries>
39
40    <uses-feature
40-->[:google_ar_required:] AndroidManifest.xml:9:5-11:35
41        android:name="android.hardware.camera.ar"
41-->[:google_ar_required:] AndroidManifest.xml:10:9-50
42        android:required="true" />
42-->[:google_ar_required:] AndroidManifest.xml:11:9-32
43
44    <uses-permission android:name="android.permission.BLUETOOTH" />
44-->[:plugin1-debug:] AndroidManifest.xml:11:5-68
44-->[:plugin1-debug:] AndroidManifest.xml:11:22-65
45    <uses-permission android:name="android.permission.BLUETOOTH_ADMIN" />
45-->[:plugin1-debug:] AndroidManifest.xml:12:5-74
45-->[:plugin1-debug:] AndroidManifest.xml:12:22-71
46    <uses-permission android:name="android.permission.ACCESS_FINE_LOCATION" />
46-->[:plugin1-debug:] AndroidManifest.xml:14:5-79
46-->[:plugin1-debug:] AndroidManifest.xml:14:22-76
47    <uses-permission android:name="android.permission.ACCESS_COARSE_LOCATION" />
47-->[:plugin1-debug:] AndroidManifest.xml:15:5-81
47-->[:plugin1-debug:] AndroidManifest.xml:15:22-78
48
49    <application
49-->src\main\AndroidManifest.xml:5:3-116
50        android:extractNativeLibs="true"
50-->src\main\AndroidManifest.xml:5:16-48
51        android:icon="@mipmap/app_icon"
51-->src\main\AndroidManifest.xml:5:82-113
52        android:label="@string/app_name" >
52-->src\main\AndroidManifest.xml:5:49-81
53        <activity
53-->[:unityLibrary] AndroidManifest.xml:30:9-49:20
54            android:name="com.unity3d.player.UnityPlayerActivity"
54-->[:unityLibrary] AndroidManifest.xml:31:13-66
55            android:configChanges="mcc|mnc|locale|touchscreen|keyboard|keyboardHidden|navigation|orientation|screenLayout|uiMode|screenSize|smallestScreenSize|fontScale|layoutDirection|density"
55-->[:unityLibrary] AndroidManifest.xml:32:13-194
56            android:hardwareAccelerated="false"
56-->[:unityLibrary] AndroidManifest.xml:33:13-48
57            android:launchMode="singleTask"
57-->[:unityLibrary] AndroidManifest.xml:34:13-44
58            android:screenOrientation="fullSensor"
58-->[:unityLibrary] AndroidManifest.xml:35:13-51
59            android:theme="@style/UnityThemeSelector" >
59-->[:unityLibrary] AndroidManifest.xml:36:13-54
60            <intent-filter>
60-->[:unityLibrary] AndroidManifest.xml:37:13-41:29
61                <action android:name="android.intent.action.MAIN" />
61-->[:unityLibrary] AndroidManifest.xml:38:17-69
61-->[:unityLibrary] AndroidManifest.xml:38:25-66
62
63                <category android:name="android.intent.category.LAUNCHER" />
63-->[:unityLibrary] AndroidManifest.xml:40:17-77
63-->[:unityLibrary] AndroidManifest.xml:40:27-74
64            </intent-filter>
65
66            <meta-data
66-->[:unityLibrary] AndroidManifest.xml:43:13-45:40
67                android:name="unityplayer.UnityActivity"
67-->[:unityLibrary] AndroidManifest.xml:44:17-57
68                android:value="true" />
68-->[:unityLibrary] AndroidManifest.xml:45:17-37
69            <meta-data
69-->[:unityLibrary] AndroidManifest.xml:46:13-48:40
70                android:name="android.notch_support"
70-->[:unityLibrary] AndroidManifest.xml:47:17-53
71                android:value="true" />
71-->[:unityLibrary] AndroidManifest.xml:48:17-37
72        </activity>
73
74        <meta-data
74-->[:unityLibrary] AndroidManifest.xml:51:9-53:36
75            android:name="unity.arcore-enable"
75-->[:unityLibrary] AndroidManifest.xml:52:13-47
76            android:value="true" />
76-->[:unityLibrary] AndroidManifest.xml:53:13-33
77        <meta-data
77-->[:unityLibrary] AndroidManifest.xml:54:9-56:36
78            android:name="unityplayer.SkipPermissionsDialog"
78-->[:unityLibrary] AndroidManifest.xml:55:13-61
79            android:value="true" />
79-->[:unityLibrary] AndroidManifest.xml:56:13-33
80        <meta-data
80-->[:unityLibrary] AndroidManifest.xml:57:9-59:33
81            android:name="unity.splash-mode"
81-->[:unityLibrary] AndroidManifest.xml:58:13-45
82            android:value="0" />
82-->[:unityLibrary] AndroidManifest.xml:59:13-30
83        <meta-data
83-->[:unityLibrary] AndroidManifest.xml:60:9-62:36
84            android:name="unity.splash-enable"
84-->[:unityLibrary] AndroidManifest.xml:61:13-47
85            android:value="True" />
85-->[:unityLibrary] AndroidManifest.xml:62:13-33
86        <meta-data
86-->[:unityLibrary] AndroidManifest.xml:63:9-65:50
87            android:name="notch.config"
87-->[:unityLibrary] AndroidManifest.xml:64:13-40
88            android:value="portrait|landscape" />
88-->[:unityLibrary] AndroidManifest.xml:65:13-47
89        <meta-data
89-->[:unityLibrary] AndroidManifest.xml:66:9-68:68
90            android:name="unity.build-id"
90-->[:unityLibrary] AndroidManifest.xml:67:13-42
91            android:value="621bf619-1244-4a25-baf7-c515ca2fed89" />
91-->[:unityLibrary] AndroidManifest.xml:68:13-65
92        <meta-data
92-->[:android.arch.lifecycle.runtime-1.0.0:] AndroidManifest.xml:25:9-27:47
93            android:name="android.arch.lifecycle.VERSION"
93-->[:android.arch.lifecycle.runtime-1.0.0:] AndroidManifest.xml:26:13-58
94            android:value="27.0.0-SNAPSHOT" /> <!-- The minimal version code of ARCore APK required for an app using this SDK. -->
94-->[:android.arch.lifecycle.runtime-1.0.0:] AndroidManifest.xml:27:13-44
95        <meta-data
95-->[:arcore_client:] AndroidManifest.xml:36:9-38:41
96            android:name="com.google.ar.core.min_apk_version"
96-->[:arcore_client:] AndroidManifest.xml:37:13-62
97            android:value="202940000" /> <!-- This activity is critical for installing ARCore when it is not already present. -->
97-->[:arcore_client:] AndroidManifest.xml:38:13-38
98        <activity
98-->[:arcore_client:] AndroidManifest.xml:40:9-46:80
99            android:name="com.google.ar.core.InstallActivity"
99-->[:arcore_client:] AndroidManifest.xml:41:13-62
100            android:configChanges="keyboardHidden|orientation|screenSize"
100-->[:arcore_client:] AndroidManifest.xml:42:13-74
101            android:excludeFromRecents="true"
101-->[:arcore_client:] AndroidManifest.xml:43:13-46
102            android:exported="false"
102-->[:arcore_client:] AndroidManifest.xml:44:13-37
103            android:launchMode="singleTop"
103-->[:arcore_client:] AndroidManifest.xml:45:13-43
104            android:theme="@android:style/Theme.Material.Light.Dialog.Alert" />
104-->[:arcore_client:] AndroidManifest.xml:46:13-77
105
106        <meta-data
106-->[:com.android.support.support-compat-26.1.0:] AndroidManifest.xml:26:9-28:38
107            android:name="android.support.VERSION"
107-->[:com.android.support.support-compat-26.1.0:] AndroidManifest.xml:27:13-51
108            android:value="26.1.0" />
108-->[:com.android.support.support-compat-26.1.0:] AndroidManifest.xml:28:13-35
109
110        <activity
110-->[:com.google.android.gms.play-services-base-16.0.1:] AndroidManifest.xml:23:9-26:75
111            android:name="com.google.android.gms.common.api.GoogleApiActivity"
111-->[:com.google.android.gms.play-services-base-16.0.1:] AndroidManifest.xml:24:13-79
112            android:exported="false"
112-->[:com.google.android.gms.play-services-base-16.0.1:] AndroidManifest.xml:25:13-37
113            android:theme="@android:style/Theme.Translucent.NoTitleBar" />
113-->[:com.google.android.gms.play-services-base-16.0.1:] AndroidManifest.xml:26:13-72
114
115        <meta-data
115-->[:com.google.android.gms.play-services-basement-16.0.1:] AndroidManifest.xml:23:9-25:69
116            android:name="com.google.android.gms.version"
116-->[:com.google.android.gms.play-services-basement-16.0.1:] AndroidManifest.xml:24:13-58
117            android:value="@integer/google_play_services_version" />
117-->[:com.google.android.gms.play-services-basement-16.0.1:] AndroidManifest.xml:25:13-66
118        <meta-data
118-->[:google_ar_required:] AndroidManifest.xml:14:9-16:40
119            android:name="com.google.ar.core"
119-->[:google_ar_required:] AndroidManifest.xml:15:13-46
120            android:value="required" />
120-->[:google_ar_required:] AndroidManifest.xml:16:13-37
121    </application>
122
123</manifest>